<?xml version="1.0" encoding="UTF-8"?>
<testsuite name="TwoFerTest" tests="4" skipped="0" failures="0" errors="0" timestamp="2023-04-19T21:02:32" hostname="c02fx194md6r.lan" time="0.014">
  <properties/>
  <testcase name="noNameGiven" classname="TwoFerTest" time="0.013"/>
  <testcase name="emptyStringGiven" classname="TwoFerTest" time="0.0"/>
  <testcase name="aNameGiven" classname="TwoFerTest" time="0.001"/>
  <testcase name="anotherNameGiven" classname="TwoFerTest" time="0.0"/>
  <system-out><![CDATA[]]></system-out>
  <system-err><![CDATA[]]></system-err>
</testsuite>
